c:\users\sujan\desktop\project1 - copy\project1\x64\debug\vc142.pdb
c:\users\sujan\desktop\project1 - copy\project1\x64\debug\vc142.idb
c:\users\sujan\desktop\project1 - copy\project1\x64\debug\particleemitter.obj
c:\users\sujan\desktop\project1 - copy\project1\x64\debug\particle.obj
c:\users\sujan\desktop\project1 - copy\project1\x64\debug\openglmesh.obj
c:\users\sujan\desktop\project1 - copy\project1\x64\debug\frustum.obj
c:\users\sujan\desktop\project1 - copy\project1\x64\debug\eventlistener.obj
c:\users\sujan\desktop\project1 - copy\project1\x64\debug\model.obj
c:\users\sujan\desktop\project1 - copy\project1\x64\debug\gameobject.obj
c:\users\sujan\desktop\project1 - copy\project1\x64\debug\spritesurface.obj
c:\users\sujan\desktop\project1 - copy\project1\x64\debug\guiobject.obj
c:\users\sujan\desktop\project1 - copy\project1\x64\debug\physicscomponent.obj
c:\users\sujan\desktop\project1 - copy\project1\x64\debug\shaderhandler.obj
c:\users\sujan\desktop\project1 - copy\project1\x64\debug\coreengine.obj
c:\users\sujan\desktop\project1 - copy\project1\x64\debug\camera.obj
c:\users\sujan\desktop\project1 - copy\project1\x64\debug\debug.obj
c:\users\sujan\desktop\project1 - copy\project1\x64\debug\collisiondetection.obj
c:\users\sujan\desktop\project1 - copy\project1\x64\debug\collisionhandler.obj
c:\users\sujan\desktop\project1 - copy\project1\x64\debug\vulkanrenderer.obj
c:\users\sujan\desktop\project1 - copy\project1\x64\debug\openglrenderer.obj
c:\users\sujan\desktop\project1 - copy\project1\x64\debug\audiosource.obj
c:\users\sujan\desktop\project1 - copy\project1\x64\debug\audiohandler.obj
c:\users\sujan\desktop\project1 - copy\project1\x64\debug\octspatialpartition.obj
c:\users\sujan\desktop\project1 - copy\project1\x64\debug\materialloader.obj
c:\users\sujan\desktop\project1 - copy\project1\x64\debug\materialhandler.obj
c:\users\sujan\desktop\project1 - copy\project1\x64\debug\scenegraph.obj
c:\users\sujan\desktop\project1 - copy\project1\x64\debug\mouseeventlistener.obj
c:\users\sujan\desktop\project1 - copy\project1\x64\debug\texturehandler.obj
c:\users\sujan\desktop\project1 - copy\project1\x64\debug\startscene.obj
c:\users\sujan\desktop\project1 - copy\project1\x64\debug\timer.obj
c:\users\sujan\desktop\project1 - copy\project1\x64\debug\window.obj
c:\users\sujan\desktop\project1 - copy\project1\x64\debug\main.obj
c:\users\sujan\desktop\project1 - copy\project1\x64\debug\guiimagecomponent.obj
c:\users\sujan\desktop\project1 - copy\project1\x64\debug\componenta.obj
c:\users\sujan\desktop\project1 - copy\project1\x64\debug\loadobjmodel.obj
c:\users\sujan\desktop\project1 - copy\project1\x64\debug\lightsource.obj
c:\users\sujan\desktop\project1 - copy\project1\x64\debug\game1.obj
c:\users\sujan\desktop\project1 - copy\project1\x64\debug\gamescene.obj
c:\users\sujan\desktop\project1 - copy\x64\debug\project1.exe
c:\users\sujan\desktop\project1 - copy\x64\debug\project1.ilk
c:\users\sujan\desktop\project1 - copy\x64\debug\project1.pdb
c:\users\sujan\desktop\project1 - copy\project1\x64\debug\project1.tlog\cl.command.1.tlog
c:\users\sujan\desktop\project1 - copy\project1\x64\debug\project1.tlog\cl.read.1.tlog
c:\users\sujan\desktop\project1 - copy\project1\x64\debug\project1.tlog\cl.write.1.tlog
c:\users\sujan\desktop\project1 - copy\project1\x64\debug\project1.tlog\link.command.1.tlog
c:\users\sujan\desktop\project1 - copy\project1\x64\debug\project1.tlog\link.read.1.tlog
c:\users\sujan\desktop\project1 - copy\project1\x64\debug\project1.tlog\link.write.1.tlog
