c:\users\sujan\desktop\project1\project1\debug\vc142.pdb
c:\users\sujan\desktop\project1\project1\debug\vc142.idb
c:\users\sujan\desktop\project1\project1\debug\scenegraph.obj
c:\users\sujan\desktop\project1\project1\debug\mouseeventlistener.obj
c:\users\sujan\desktop\project1\project1\debug\texturehandler.obj
c:\users\sujan\desktop\project1\project1\debug\startscene.obj
c:\users\sujan\desktop\project1\project1\debug\timer.obj
c:\users\sujan\desktop\project1\project1\debug\window.obj
c:\users\sujan\desktop\project1\project1\debug\main.obj
c:\users\sujan\desktop\project1\project1\debug\loadobjmodel.obj
c:\users\sujan\desktop\project1\project1\debug\lightsource.obj
c:\users\sujan\desktop\project1\project1\debug\game1.obj
c:\users\sujan\desktop\project1\project1\debug\gamescene.obj
c:\users\sujan\desktop\project1\project1\debug\eventlistener.obj
c:\users\sujan\desktop\project1\project1\debug\model.obj
c:\users\sujan\desktop\project1\project1\debug\mesh.obj
c:\users\sujan\desktop\project1\project1\debug\gameobject.obj
c:\users\sujan\desktop\project1\project1\debug\shaderhandler.obj
c:\users\sujan\desktop\project1\project1\debug\logger.obj
c:\users\sujan\desktop\project1\project1\debug\coreengine.obj
c:\users\sujan\desktop\project1\project1\debug\camera.obj
c:\users\sujan\desktop\project1\debug\project1.pdb
c:\users\sujan\desktop\project1\project1\debug\project1.tlog\cl.command.1.tlog
c:\users\sujan\desktop\project1\project1\debug\project1.tlog\cl.read.1.tlog
c:\users\sujan\desktop\project1\project1\debug\project1.tlog\cl.write.1.tlog
c:\users\sujan\desktop\project1\project1\debug\project1.tlog\link.8500-cvtres.read.1.tlog
c:\users\sujan\desktop\project1\project1\debug\project1.tlog\link.8500-cvtres.write.1.tlog
c:\users\sujan\desktop\project1\project1\debug\project1.tlog\link.8500-rc.read.1.tlog
c:\users\sujan\desktop\project1\project1\debug\project1.tlog\link.8500-rc.write.1.tlog
c:\users\sujan\desktop\project1\project1\debug\project1.tlog\link.8500.read.1.tlog
c:\users\sujan\desktop\project1\project1\debug\project1.tlog\link.8500.write.1.tlog
c:\users\sujan\desktop\project1\project1\debug\project1.tlog\link.command.1.tlog
c:\users\sujan\desktop\project1\project1\debug\project1.tlog\link.read.1.tlog
c:\users\sujan\desktop\project1\project1\debug\project1.tlog\link.write.1.tlog
